INFO:     Will watch for changes in these directories: ['C:\\Users\\User\\waffir\\backend']
INFO:     Uvicorn running on http://127.0.0.1:8000 (Press CTRL+C to quit)
INFO:     Started reloader process [15264] using WatchFiles
INFO:     Started server process [13384]
INFO:     Waiting for application startup.
INFO:     Application startup complete.
WARNING:  WatchFiles detected changes in 'app\api\routes\search.py'. Reloading...
Traceback (most recent call last):
  File "<string>", line 1, in <module>
  File "C:\Users\User\miniconda3\envs\waffir\Lib\multiprocessing\spawn.py", line 122, in spawn_main
    exitcode = _main(fd, parent_sentinel)
               ^^^^^^^^^^^^^^^^^^^^^^^^^^
  File "C:\Users\User\miniconda3\envs\waffir\Lib\multiprocessing\spawn.py", line 132, in _main
    self = reduction.pickle.load(from_parent)
           ^^^^^^^^^^^^^^^^^^^^^^^^^^^^^^^^^^
  File "C:\Users\User\miniconda3\envs\waffir\Lib\multiprocessing\reduction.py", line 238, in _rebuild_socket
    return ds.detach()
           ^^^^^^^^^^^
  File "C:\Users\User\miniconda3\envs\waffir\Lib\multiprocessing\resource_sharer.py", line 38, in detach
    with _resource_sharer.get_connection(self._id) as conn:
         ^^^^^^^^^^^^^^^^^^^^^^^^^^^^^^^^^^^^^^^^^
  File "C:\Users\User\miniconda3\envs\waffir\Lib\multiprocessing\resource_sharer.py", line 86, in get_connection
    c = Client(address, authkey=process.current_process().authkey)
        ^^^^^^^^^^^^^^^^^^^^^^^^^^^^^^^^^^^^^^^^^^^^^^^^^^^^^^^^^^
  File "C:\Users\User\miniconda3\envs\waffir\Lib\multiprocessing\connection.py", line 517, in Client
    c = PipeClient(address)
        ^^^^^^^^^^^^^^^^^^^
  File "C:\Users\User\miniconda3\envs\waffir\Lib\multiprocessing\connection.py", line 719, in PipeClient
    _winapi.WaitNamedPipe(address, 1000)
FileNotFoundError: [WinError 2] The system cannot find the file specified
